<?xml version="1.0" encoding="UTF-8"?>
<testng-results ignored="0" total="3" passed="3" failed="0" skipped="0">
  <reporter-output>
  </reporter-output>
  <suite started-at="2022-09-21T13:46:02 BDT" name="Default suite" finished-at="2022-09-21T13:46:44 BDT" duration-ms="41888">
    <groups>
    </groups>
    <test started-at="2022-09-21T13:46:02 BDT" name="Default test" finished-at="2022-09-21T13:46:44 BDT" duration-ms="41888">
      <class name="com.automation.DatePickerAutomation">
        <test-method is-config="true" signature="start()[pri:0, instance:com.automation.DatePickerAutomation@1c5920df]" started-at="2022-09-21T13:46:00 BDT" name="start" finished-at="2022-09-21T13:46:02 BDT" duration-ms="2347" status="PASS">
          <reporter-output>
          </reporter-output>
        </test-method> <!-- start -->
        <test-method signature="openUrl()[pri:0, instance:com.automation.DatePickerAutomation@1c5920df]" started-at="2022-09-21T13:46:02 BDT" name="openUrl" finished-at="2022-09-21T13:46:10 BDT" duration-ms="7720" status="PASS">
          <reporter-output>
          </reporter-output>
        </test-method> <!-- openUrl -->
        <test-method signature="datePicker()[pri:1, instance:com.automation.DatePickerAutomation@1c5920df]" started-at="2022-09-21T13:46:10 BDT" name="datePicker" finished-at="2022-09-21T13:46:15 BDT" duration-ms="5515" status="PASS">
          <reporter-output>
          </reporter-output>
        </test-method> <!-- datePicker -->
        <test-method signature="dateAndTimePicker()[pri:2, instance:com.automation.DatePickerAutomation@1c5920df]" started-at="2022-09-21T13:46:15 BDT" name="dateAndTimePicker" finished-at="2022-09-21T13:46:44 BDT" duration-ms="28595" status="PASS">
          <reporter-output>
          </reporter-output>
        </test-method> <!-- dateAndTimePicker -->
        <test-method is-config="true" signature="close()[pri:0, instance:com.automation.DatePickerAutomation@1c5920df]" started-at="2022-09-21T13:46:44 BDT" name="close" finished-at="2022-09-21T13:46:46 BDT" duration-ms="2424" status="PASS">
          <reporter-output>
          </reporter-output>
        </test-method> <!-- close -->
      </class> <!-- com.automation.DatePickerAutomation -->
    </test> <!-- Default test -->
  </suite> <!-- Default suite -->
</testng-results>
