<?xml version="1.0" encoding="UTF-8"?>
<testng-results ignored="0" total="1" passed="1" failed="0" skipped="0">
  <reporter-output>
  </reporter-output>
  <suite started-at="2022-09-20T12:41:39 BDT" name="Default suite" finished-at="2022-09-20T12:42:21 BDT" duration-ms="41901">
    <groups>
    </groups>
    <test started-at="2022-09-20T12:41:39 BDT" name="Default test" finished-at="2022-09-20T12:42:21 BDT" duration-ms="41901">
      <class name="tests.AccountCreate">
        <test-method is-config="true" signature="start()[pri:0, instance:tests.AccountCreate@5f9edf14]" started-at="2022-09-20T12:41:37 BDT" name="start" finished-at="2022-09-20T12:41:39 BDT" duration-ms="2171" status="PASS">
          <reporter-output>
          </reporter-output>
        </test-method> <!-- start -->
        <test-method is-config="true" signature="startUrl()[pri:0, instance:tests.AccountCreate@5f9edf14]" started-at="2022-09-20T12:41:39 BDT" name="startUrl" finished-at="2022-09-20T12:41:53 BDT" duration-ms="14191" status="PASS">
          <reporter-output>
          </reporter-output>
        </test-method> <!-- startUrl -->
        <test-method signature="createAnAccount()[pri:0, instance:tests.AccountCreate@5f9edf14]" started-at="2022-09-20T12:41:53 BDT" name="createAnAccount" finished-at="2022-09-20T12:42:21 BDT" duration-ms="27625" status="PASS">
          <reporter-output>
          </reporter-output>
        </test-method> <!-- createAnAccount -->
        <test-method is-config="true" signature="close()[pri:0, instance:tests.AccountCreate@5f9edf14]" started-at="2022-09-20T12:42:21 BDT" name="close" finished-at="2022-09-20T12:42:21 BDT" duration-ms="638" status="PASS">
          <reporter-output>
          </reporter-output>
        </test-method> <!-- close -->
      </class> <!-- tests.AccountCreate -->
    </test> <!-- Default test -->
  </suite> <!-- Default suite -->
</testng-results>
