<?xml version="1.0" encoding="UTF-8"?>
<!-- Generated by org.testng.reporters.JUnitXMLReporter -->
<testsuite ignored="0" hostname="DESKTOP-G43AE6T" failures="0" tests="2" name="Default test" time="0.038" errors="0" timestamp="2022-09-12T23:21:39 BDT">
  <testcase classname="com.learningautomation.TestNgLearning.TestNgAnnotation" name="test1" time="0.004"/>
  <testcase classname="com.learningautomation.TestNgLearning.TestNgAnnotation" name="test2" time="0.001"/>
</testsuite> <!-- Default test -->
