<?xml version="1.0" encoding="UTF-8"?>
<!-- Generated by org.testng.reporters.JUnitXMLReporter -->
<testsuite ignored="0" hostname="DESKTOP-G43AE6T" failures="0" tests="3" name="Default test" time="81.729" errors="0" timestamp="2022-09-12T19:31:17 BDT">
  <testcase classname="com.automation.Login" name="openUrl" time="68.387"/>
  <testcase classname="com.automation.Login" name="LoginUrl" time="7.797"/>
  <testcase classname="com.automation.Login" name="LoginSubmit" time="5.492"/>
</testsuite> <!-- Default test -->
