<?xml version="1.0" encoding="UTF-8"?>
<!-- Generated by org.testng.reporters.JUnitXMLReporter -->
<testsuite ignored="0" hostname="DESKTOP-G43AE6T" failures="0" tests="3" name="Default test" time="41.888" errors="0" timestamp="2022-09-21T13:46:44 BDT">
  <testcase classname="com.automation.DatePickerAutomation" name="openUrl" time="7.72"/>
  <testcase classname="com.automation.DatePickerAutomation" name="datePicker" time="5.515"/>
  <testcase classname="com.automation.DatePickerAutomation" name="dateAndTimePicker" time="28.595"/>
</testsuite> <!-- Default test -->
